Flow report for Example_4_Video_In
Sun Apr 16 16:16:43 2017
Quartus II Version 11.0 Build 208 07/03/2011 Service Pack 1 SJ Web Edition


---------------------
; Table of Contents ;
---------------------
  1. Legal Notice
  2. Flow Summary
  3. Flow Settings
  4. Flow Non-Default Global Settings
  5. Flow Elapsed Time
  6. Flow OS Summary
  7. Flow Log



----------------
; Legal Notice ;
----------------
Copyright (C) 1991-2011 Altera Corporation
Your use of Altera Corporation's design tools, logic functions 
and other software and tools, and its AMPP partner logic 
functions, and any output files from any of the foregoing 
(including device programming or simulation files), and any 
associated documentation or information are expressly subject 
to the terms and conditions of the Altera Program License 
Subscription Agreement, Altera MegaCore Function License 
Agreement, or other applicable license agreement, including, 
without limitation, that your use is for the sole purpose of 
programming logic devices manufactured by Altera and sold by 
Altera or its authorized distributors.  Please refer to the 
applicable agreement for further details.



+------------------------------------------------------------------------------------+
; Flow Summary                                                                       ;
+------------------------------------+-----------------------------------------------+
; Flow Status                        ; Successful - Sun Apr 16 16:16:43 2017         ;
; Quartus II Version                 ; 11.0 Build 208 07/03/2011 SP 1 SJ Web Edition ;
; Revision Name                      ; Example_4_Video_In                            ;
; Top-level Entity Name              ; Example_4_Video_In                            ;
; Family                             ; Cyclone IV E                                  ;
; Device                             ; EP4CE115F29C7                                 ;
; Timing Models                      ; Final                                         ;
; Total logic elements               ; 3,114 / 114,480 ( 3 % )                       ;
;     Total combinational functions  ; 2,943 / 114,480 ( 3 % )                       ;
;     Dedicated logic registers      ; 1,716 / 114,480 ( 1 % )                       ;
; Total registers                    ; 1810                                          ;
; Total pins                         ; 147 / 529 ( 28 % )                            ;
; Total virtual pins                 ; 0                                             ;
; Total memory bits                  ; 160,768 / 3,981,312 ( 4 % )                   ;
; Embedded Multiplier 9-bit elements ; 0 / 532 ( 0 % )                               ;
; Total PLLs                         ; 1 / 4 ( 25 % )                                ;
+------------------------------------+-----------------------------------------------+


+-----------------------------------------+
; Flow Settings                           ;
+-------------------+---------------------+
; Option            ; Setting             ;
+-------------------+---------------------+
; Start date & time ; 04/16/2017 16:15:44 ;
; Main task         ; Compilation         ;
; Revision Name     ; Example_4_Video_In  ;
+-------------------+---------------------+


+-------------------------------------------------------------------------------------------------------------------------------------------------------------------------------------------------------------------------------------------------+
; Flow Non-Default Global Settings                                                                                                                                                                                                                ;
+-------------------------------------+------------------------------------------------------------------------------------------------------------------------------------------------------------+---------------+-------------+----------------+
; Assignment Name                     ; Value                                                                                                                                                      ; Default Value ; Entity Name ; Section Id     ;
+-------------------------------------+------------------------------------------------------------------------------------------------------------------------------------------------------------+---------------+-------------+----------------+
; COMPILER_SIGNATURE_ID               ; 48751579384293.149237734409832                                                                                                                             ; --            ; --          ; --             ;
; MAX_CORE_JUNCTION_TEMP              ; 85                                                                                                                                                         ; --            ; --          ; --             ;
; MIN_CORE_JUNCTION_TEMP              ; 0                                                                                                                                                          ; --            ; --          ; --             ;
; MISC_FILE                           ; C:/Users/William/Desktop/Altera/University_Program/Examples/IP_Core_Demos/Video_Demos_using_Qsys/DE2-115/Example_4_Video_In/verilog/Example_4_Video_In.dpf ; --            ; --          ; --             ;
; PARTITION_COLOR                     ; 16764057                                                                                                                                                   ; --            ; --          ; Top            ;
; PARTITION_FITTER_PRESERVATION_LEVEL ; PLACEMENT_AND_ROUTING                                                                                                                                      ; --            ; --          ; Top            ;
; PARTITION_NETLIST_TYPE              ; SOURCE                                                                                                                                                     ; --            ; --          ; Top            ;
; POWER_BOARD_THERMAL_MODEL           ; None (CONSERVATIVE)                                                                                                                                        ; --            ; --          ; --             ;
; POWER_PRESET_COOLING_SOLUTION       ; 23 MM HEAT SINK WITH 200 LFPM AIRFLOW                                                                                                                      ; --            ; --          ; --             ;
; USE_GENERATED_PHYSICAL_CONSTRAINTS  ; Off                                                                                                                                                        ; --            ; --          ; eda_blast_fpga ;
+-------------------------------------+------------------------------------------------------------------------------------------------------------------------------------------------------------+---------------+-------------+----------------+


+-------------------------------------------------------------------------------------------------------------------------------+
; Flow Elapsed Time                                                                                                             ;
+---------------------------+--------------+-------------------------+---------------------+------------------------------------+
; Module Name               ; Elapsed Time ; Average Processors Used ; Peak Virtual Memory ; Total CPU Time (on all processors) ;
+---------------------------+--------------+-------------------------+---------------------+------------------------------------+
; Analysis & Synthesis      ; 00:00:23     ; 1.0                     ; 386 MB              ; 00:00:20                           ;
; Fitter                    ; 00:00:23     ; 1.0                     ; 536 MB              ; 00:00:20                           ;
; TimeQuest Timing Analyzer ; 00:00:07     ; 1.0                     ; 381 MB              ; 00:00:06                           ;
; Assembler                 ; 00:00:07     ; 1.0                     ; 514 MB              ; 00:00:06                           ;
; Total                     ; 00:01:00     ; --                      ; --                  ; 00:00:52                           ;
+---------------------------+--------------+-------------------------+---------------------+------------------------------------+


+----------------------------------------------------------------------------------------+
; Flow OS Summary                                                                        ;
+---------------------------+------------------+-----------+------------+----------------+
; Module Name               ; Machine Hostname ; OS Name   ; OS Version ; Processor type ;
+---------------------------+------------------+-----------+------------+----------------+
; Analysis & Synthesis      ; Desktop          ; Windows 7 ; 6.2        ; x86_64         ;
; Fitter                    ; Desktop          ; Windows 7 ; 6.2        ; x86_64         ;
; TimeQuest Timing Analyzer ; Desktop          ; Windows 7 ; 6.2        ; x86_64         ;
; Assembler                 ; Desktop          ; Windows 7 ; 6.2        ; x86_64         ;
+---------------------------+------------------+-----------+------------+----------------+


------------
; Flow Log ;
------------
quartus_map --read_settings_files=on --write_settings_files=off Example_4_Video_In -c Example_4_Video_In
quartus_fit --read_settings_files=off --write_settings_files=off Example_4_Video_In -c Example_4_Video_In
quartus_sta Example_4_Video_In -c Example_4_Video_In
quartus_asm --read_settings_files=off --write_settings_files=off Example_4_Video_In -c Example_4_Video_In



