Flow report for DE2_CCD
Tue May 02 18:04:47 2017
Quartus Prime Version 16.1.0 Build 196 10/24/2016 SJ Lite Edition


---------------------
; Table of Contents ;
---------------------
  1. Legal Notice
  2. Flow Summary
  3. Flow Settings
  4. Flow Non-Default Global Settings
  5. Flow Elapsed Time
  6. Flow OS Summary
  7. Flow Log
  8. Flow Messages
  9. Flow Suppressed Messages



----------------
; Legal Notice ;
----------------
Copyright (C) 2016  Intel Corporation. All rights reserved.
Your use of Intel Corporation's design tools, logic functions 
and other software and tools, and its AMPP partner logic 
functions, and any output files from any of the foregoing 
(including device programming or simulation files), and any 
associated documentation or information are expressly subject 
to the terms and conditions of the Intel Program License 
Subscription Agreement, the Intel Quartus Prime License Agreement,
the Intel MegaCore Function License Agreement, or other 
applicable license agreement, including, without limitation, 
that your use is for the sole purpose of programming logic 
devices manufactured by Intel and sold by Intel or its 
authorized distributors.  Please refer to the applicable 
agreement for further details.



+----------------------------------------------------------------------------------+
; Flow Summary                                                                     ;
+------------------------------------+---------------------------------------------+
; Flow Status                        ; Successful - Tue May 02 18:04:40 2017       ;
; Quartus Prime Version              ; 16.1.0 Build 196 10/24/2016 SJ Lite Edition ;
; Revision Name                      ; DE2_CCD                                     ;
; Top-level Entity Name              ; DE2_CCD                                     ;
; Family                             ; Cyclone IV E                                ;
; Device                             ; EP4CE115F29C7                               ;
; Timing Models                      ; Final                                       ;
; Total logic elements               ; 1,923 / 114,480 ( 2 % )                     ;
;     Total combinational functions  ; 1,649 / 114,480 ( 1 % )                     ;
;     Dedicated logic registers      ; 928 / 114,480 ( < 1 % )                     ;
; Total registers                    ; 990                                         ;
; Total pins                         ; 230 / 529 ( 43 % )                          ;
; Total virtual pins                 ; 0                                           ;
; Total memory bits                  ; 2,154,456 / 3,981,312 ( 54 % )              ;
; Embedded Multiplier 9-bit elements ; 0 / 532 ( 0 % )                             ;
; Total PLLs                         ; 1 / 4 ( 25 % )                              ;
+------------------------------------+---------------------------------------------+


+-----------------------------------------+
; Flow Settings                           ;
+-------------------+---------------------+
; Option            ; Setting             ;
+-------------------+---------------------+
; Start date & time ; 05/02/2017 18:03:25 ;
; Main task         ; Compilation         ;
; Revision Name     ; DE2_CCD             ;
+-------------------+---------------------+


+-----------------------------------------------------------------------------------------------------------------------------+
; Flow Non-Default Global Settings                                                                                            ;
+-------------------------------------+----------------------------------------+---------------+-------------+----------------+
; Assignment Name                     ; Value                                  ; Default Value ; Entity Name ; Section Id     ;
+-------------------------------------+----------------------------------------+---------------+-------------+----------------+
; COMPILER_SIGNATURE_ID               ; 233360581925958.149376620504884        ; --            ; --          ; --             ;
; ENABLE_SIGNALTAP                    ; On                                     ; --            ; --          ; --             ;
; FLOW_ENABLE_POWER_ANALYZER          ; On                                     ; Off           ; --          ; --             ;
; MAX_CORE_JUNCTION_TEMP              ; 85                                     ; --            ; --          ; --             ;
; MIN_CORE_JUNCTION_TEMP              ; 0                                      ; --            ; --          ; --             ;
; MISC_FILE                           ; RAM_bb.v                               ; --            ; --          ; --             ;
; PARTITION_COLOR                     ; -- (Not supported for targeted family) ; --            ; --          ; Top            ;
; PARTITION_FITTER_PRESERVATION_LEVEL ; -- (Not supported for targeted family) ; --            ; --          ; Top            ;
; PARTITION_NETLIST_TYPE              ; -- (Not supported for targeted family) ; --            ; --          ; Top            ;
; POWER_BOARD_THERMAL_MODEL           ; None (CONSERVATIVE)                    ; --            ; --          ; --             ;
; POWER_DEFAULT_INPUT_IO_TOGGLE_RATE  ; 12.5 %                                 ; 12.5%         ; --          ; --             ;
; POWER_PRESET_COOLING_SOLUTION       ; 23 MM HEAT SINK WITH 200 LFPM AIRFLOW  ; --            ; --          ; --             ;
; SLD_FILE                            ; db/stp1_auto_stripped.stp              ; --            ; --          ; --             ;
; USE_GENERATED_PHYSICAL_CONSTRAINTS  ; Off                                    ; --            ; --          ; eda_blast_fpga ;
; USE_SIGNALTAP_FILE                  ; stp1.stp                               ; --            ; --          ; --             ;
+-------------------------------------+----------------------------------------+---------------+-------------+----------------+


+-------------------------------------------------------------------------------------------------------------------------------+
; Flow Elapsed Time                                                                                                             ;
+---------------------------+--------------+-------------------------+---------------------+------------------------------------+
; Module Name               ; Elapsed Time ; Average Processors Used ; Peak Virtual Memory ; Total CPU Time (on all processors) ;
+---------------------------+--------------+-------------------------+---------------------+------------------------------------+
; Analysis & Synthesis      ; 00:00:19     ; 1.0                     ; 680 MB              ; 00:00:30                           ;
; Fitter                    ; 00:00:33     ; 1.1                     ; 1643 MB             ; 00:00:50                           ;
; Assembler                 ; 00:00:04     ; 1.0                     ; 586 MB              ; 00:00:04                           ;
; PowerPlay Power Analyzer  ; 00:00:11     ; 1.0                     ; 801 MB              ; 00:00:11                           ;
; TimeQuest Timing Analyzer ; 00:00:06     ; 1.3                     ; 777 MB              ; 00:00:05                           ;
; Total                     ; 00:01:13     ; --                      ; --                  ; 00:01:40                           ;
+---------------------------+--------------+-------------------------+---------------------+------------------------------------+


+-----------------------------------------------------------------------------------------+
; Flow OS Summary                                                                         ;
+---------------------------+------------------+------------+------------+----------------+
; Module Name               ; Machine Hostname ; OS Name    ; OS Version ; Processor type ;
+---------------------------+------------------+------------+------------+----------------+
; Analysis & Synthesis      ; CollegeDesktop   ; Windows 10 ; 10.0       ; x86_64         ;
; Fitter                    ; CollegeDesktop   ; Windows 10 ; 10.0       ; x86_64         ;
; Assembler                 ; CollegeDesktop   ; Windows 10 ; 10.0       ; x86_64         ;
; PowerPlay Power Analyzer  ; CollegeDesktop   ; Windows 10 ; 10.0       ; x86_64         ;
; TimeQuest Timing Analyzer ; CollegeDesktop   ; Windows 10 ; 10.0       ; x86_64         ;
+---------------------------+------------------+------------+------------+----------------+


------------
; Flow Log ;
------------
quartus_map --read_settings_files=on --write_settings_files=off DE2_CCD -c DE2_CCD
quartus_fit --read_settings_files=off --write_settings_files=off DE2_CCD -c DE2_CCD
quartus_asm --read_settings_files=off --write_settings_files=off DE2_CCD -c DE2_CCD
quartus_pow --read_settings_files=off --write_settings_files=off DE2_CCD -c DE2_CCD
quartus_sta DE2_CCD -c DE2_CCD



