#
# A fatal error has been detected by the Java Runtime Environment:
#
#  EXCEPTION_ACCESS_VIOLATION (0xc0000005) at pc=0x000000000237dae8, pid=2124, tid=12900
#
# JRE version: Java(TM) SE Runtime Environment (8.0_05-b13) (build 1.8.0_05-b13)
# Java VM: Java HotSpot(TM) 64-Bit Server VM (25.5-b02 mixed mode windows-amd64 compressed oops)
# Problematic frame:
# C  0x000000000237dae8
#
# Failed to write core dump. Minidumps are not enabled by default on client versions of Windows
#
# If you would like to submit a bug report, please visit:
#   http://bugreport.sun.com/bugreport/crash.jsp
#

---------------  T H R E A D  ---------------

Current thread (0x0000000002385800):  JavaThread "main" [_thread_in_native_trans, id=12900, stack(0x0000000002280000,0x0000000002380000)]

siginfo: ExceptionCode=0xc0000005, ExceptionInformation=0x0000000000000008 0x000000000237dae8

Registers:
RAX=0x00000000021d0000, RBX=0x0000000002385800, RCX=0x000000000000059c, RDX=0x000000000237d800
RSP=0x000000000237d7b8, RBP=0x000000000237d840, RSI=0x00000000c24e2e00, RDI=0x000000000237d800
R8 =0x0000000000000039, R9 =0x00000000c24aa540, R10=0x00000000027fd5bb, R11=0x000000001132e000
R12=0x0000000000000000, R13=0x00000000a24ea828, R14=0x00000000a24ea760, R15=0x0000000002385800
RIP=0x000000000237dae8, EFLAGS=0x0000000000010212

Top of Stack: (sp=0x000000000237d7b8)
0x000000000237d7b8:   00000000029b3fcc 000000000237dae8
0x000000000237d7c8:   00000000029cb604 0000000014e97718
0x000000000237d7d8:   00000000027fd631 00000000c24e2e00
0x000000000237d7e8:   0000000000000000 000000000237dae8
0x000000000237d7f8:   0000000002a23474 00000000c24e2e00
0x000000000237d808:   000000005b088b51 0000002f00000000
0x000000000237d818:   00000000c24bdd68 00000000a24eaa68
0x000000000237d828:   000000000263018c 00000000a24ea930
0x000000000237d838:   000000000265b624 000000000237e0d8
0x000000000237d848:   000000000293432c 00000000a24ea760
0x000000000237d858:   000000000297bbd4 00000000a24ea918
0x000000000237d868:   0000000000000039 0000000000000089
0x000000000237d878:   00000000025c8271 00000000a24ea828
0x000000000237d888:   000000005b088a51 00000000c24e2e00
0x000000000237d898:   00000000029cb604 000000000237e0d8
0x000000000237d8a8:   0000000002a28a1c 00000000125da1a0 

Instructions: (pc=0x000000000237dae8)
0x000000000237dac8:   c8 02 50 a2 00 00 00 00 e8 a3 4e a2 00 00 00 00
0x000000000237dad8:   a8 21 50 a2 00 00 00 00 20 8e 45 a2 00 00 00 00
0x000000000237dae8:   00 e0 32 11 00 00 00 00 00 58 38 02 00 00 00 00
0x000000000237daf8:   00 3b 41 a2 00 00 00 00 d8 e0 37 02 00 00 00 00 


Register to memory mapping:

RAX=0x00000000021d0000 is an unknown value
RBX=0x0000000002385800 is a thread
RCX=0x000000000000059c is an unknown value
RDX=0x000000000237d800 is pointing into the stack for thread: 0x0000000002385800
RSP=0x000000000237d7b8 is pointing into the stack for thread: 0x0000000002385800
RBP=0x000000000237d840 is pointing into the stack for thread: 0x0000000002385800
RSI=0x00000000c24e2e00 is an oop
java.lang.Class 
 - klass: 'java/lang/Class'
RDI=0x000000000237d800 is pointing into the stack for thread: 0x0000000002385800
R8 =0x0000000000000039 is an unknown value
R9 =0x00000000c24aa540 is an oop
[C 
 - klass: {type array char}
 - length: 57
R10=0x00000000027fd5bb is at entry_point+59 in (nmethod*)0x00000000027fd410
R11=0x000000001132e000 is an unknown value
R12=0x0000000000000000 is an unknown value
R13=0x00000000a24ea828 is an oop
[C 
 - klass: {type array char}
 - length: 110
R14=0x00000000a24ea760 is an oop
java.lang.StringBuilder 
 - klass: 'java/lang/StringBuilder'
R15=0x0000000002385800 is a thread


Stack: [0x0000000002280000,0x0000000002380000],  sp=0x000000000237d7b8,  free space=1013k
Native frames: (J=compiled Java code, j=interpreted, Vv=VM code, C=native code)
C  0x000000000237dae8

Java frames: (J=compiled Java code, j=interpreted, Vv=VM code)
J 885  java.lang.Class.isArray()Z (0 bytes) @ 0x00000000027fd5bb [0x00000000027fd580+0x3b]
J 1398 C1 com.sun.xml.bind.v2.bytecode.ClassTailor.toVMClassName(Ljava/lang/Class;)Ljava/lang/String; (45 bytes) @ 0x000000000293432c [0x0000000002934240+0xec]
J 1775 C1 com.sun.xml.bind.v2.runtime.reflect.opt.OptimizedAccessorFactory.get(Ljava/lang/reflect/Field;)Lcom/sun/xml/bind/v2/runtime/reflect/Accessor; (325 bytes) @ 0x0000000002a28a1c [0x0000000002a25fa0+0x2a7c]
J 1774 C1 com.sun.xml.bind.v2.runtime.reflect.Accessor$FieldReflection.optimize(Lcom/sun/xml/bind/v2/runtime/JAXBContextImpl;)Lcom/sun/xml/bind/v2/runtime/reflect/Accessor; (29 bytes) @ 0x0000000002a23474 [0x0000000002a23380+0xf4]
J 2091 C1 com.sun.xml.bind.v2.runtime.property.SingleElementLeafProperty.<init>(Lcom/sun/xml/bind/v2/runtime/JAXBContextImpl;Lcom/sun/xml/bind/v2/model/runtime/RuntimeElementPropertyInfo;)V (159 bytes) @ 0x0000000002738b1c [0x0000000002738260+0x8bc]
J 2105 C1 sun.reflect.GeneratedConstructorAccessor2.newInstance([Ljava/lang/Object;)Ljava/lang/Object; (61 bytes) @ 0x00000000028953f4 [0x00000000028950e0+0x314]
J 1395 C1 sun.reflect.DelegatingConstructorAccessorImpl.newInstance([Ljava/lang/Object;)Ljava/lang/Object; (9 bytes) @ 0x0000000002928004 [0x0000000002927f00+0x104]
J 1393 C1 java.lang.reflect.Constructor.newInstance([Ljava/lang/Object;)Ljava/lang/Object; (87 bytes) @ 0x0000000002927904 [0x00000000029274c0+0x444]
J 1769 C1 com.sun.xml.bind.v2.runtime.property.PropertyFactory.create(Lcom/sun/xml/bind/v2/runtime/JAXBContextImpl;Lcom/sun/xml/bind/v2/model/runtime/RuntimePropertyInfo;)Lcom/sun/xml/bind/v2/runtime/property/Property; (259 bytes) @ 0x0000000002a203ac [0x0000000002a1fac0+0x8ec]
J 2302 C1 com.sun.xml.bind.v2.runtime.ClassBeanInfoImpl.<init>(Lcom/sun/xml/bind/v2/runtime/JAXBContextImpl;Lcom/sun/xml/bind/v2/model/runtime/RuntimeClassInfo;)V (402 bytes) @ 0x0000000002b270a4 [0x0000000002b258a0+0x1804]
J 2090 C1 com.sun.xml.bind.v2.runtime.JAXBContextImpl.getOrCreate(Lcom/sun/xml/bind/v2/model/runtime/RuntimeClassInfo;)Lcom/sun/xml/bind/v2/runtime/ClassBeanInfoImpl; (47 bytes) @ 0x00000000027c76dc [0x00000000027c7420+0x2bc]
J 2159 C1 com.sun.xml.bind.v2.runtime.JAXBContextImpl.getOrCreate(Lcom/sun/xml/bind/v2/model/runtime/RuntimeTypeInfo;)Lcom/sun/xml/bind/v2/runtime/JaxBeanInfo; (155 bytes) @ 0x000000000259de8c [0x000000000259cce0+0x11ac]
J 2092 C1 com.sun.xml.bind.v2.runtime.property.ArrayElementProperty.<init>(Lcom/sun/xml/bind/v2/runtime/JAXBContextImpl;Lcom/sun/xml/bind/v2/model/runtime/RuntimeElementPropertyInfo;)V (223 bytes) @ 0x00000000028447cc [0x00000000028438c0+0xf0c]
j  com.sun.xml.bind.v2.runtime.property.ArrayElementNodeProperty.<init>(Lcom/sun/xml/bind/v2/runtime/JAXBContextImpl;Lcom/sun/xml/bind/v2/model/runtime/RuntimeElementPropertyInfo;)V+3
j  sun.reflect.GeneratedConstructorAccessor7.newInstance([Ljava/lang/Object;)Ljava/lang/Object;+36
J 1395 C1 sun.reflect.DelegatingConstructorAccessorImpl.newInstance([Ljava/lang/Object;)Ljava/lang/Object; (9 bytes) @ 0x0000000002928004 [0x0000000002927f00+0x104]
J 1393 C1 java.lang.reflect.Constructor.newInstance([Ljava/lang/Object;)Ljava/lang/Object; (87 bytes) @ 0x0000000002927904 [0x00000000029274c0+0x444]
J 1769 C1 com.sun.xml.bind.v2.runtime.property.PropertyFactory.create(Lcom/sun/xml/bind/v2/runtime/JAXBContextImpl;Lcom/sun/xml/bind/v2/model/runtime/RuntimePropertyInfo;)Lcom/sun/xml/bind/v2/runtime/property/Property; (259 bytes) @ 0x0000000002a203ac [0x0000000002a1fac0+0x8ec]
J 2302 C1 com.sun.xml.bind.v2.runtime.ClassBeanInfoImpl.<init>(Lcom/sun/xml/bind/v2/runtime/JAXBContextImpl;Lcom/sun/xml/bind/v2/model/runtime/RuntimeClassInfo;)V (402 bytes) @ 0x0000000002b270a4 [0x0000000002b258a0+0x1804]
J 2090 C1 com.sun.xml.bind.v2.runtime.JAXBContextImpl.getOrCreate(Lcom/sun/xml/bind/v2/model/runtime/RuntimeClassInfo;)Lcom/sun/xml/bind/v2/runtime/ClassBeanInfoImpl; (47 bytes) @ 0x00000000027c76dc [0x00000000027c7420+0x2bc]
J 2159 C1 com.sun.xml.bind.v2.runtime.JAXBContextImpl.getOrCreate(Lcom/sun/xml/bind/v2/model/runtime/RuntimeTypeInfo;)Lcom/sun/xml/bind/v2/runtime/JaxBeanInfo; (155 bytes) @ 0x000000000259de8c [0x000000000259cce0+0x11ac]
J 2092 C1 com.sun.xml.bind.v2.runtime.property.ArrayElementProperty.<init>(Lcom/sun/xml/bind/v2/runtime/JAXBContextImpl;Lcom/sun/xml/bind/v2/model/runtime/RuntimeElementPropertyInfo;)V (223 bytes) @ 0x00000000028447cc [0x00000000028438c0+0xf0c]
j  com.sun.xml.bind.v2.runtime.property.ArrayElementNodeProperty.<init>(Lcom/sun/xml/bind/v2/runtime/JAXBContextImpl;Lcom/sun/xml/bind/v2/model/runtime/RuntimeElementPropertyInfo;)V+3
j  sun.reflect.GeneratedConstructorAccessor7.newInstance([Ljava/lang/Object;)Ljava/lang/Object;+36
J 1395 C1 sun.reflect.DelegatingConstructorAccessorImpl.newInstance([Ljava/lang/Object;)Ljava/lang/Object; (9 bytes) @ 0x0000000002928004 [0x0000000002927f00+0x104]
J 1393 C1 java.lang.reflect.Constructor.newInstance([Ljava/lang/Object;)Ljava/lang/Object; (87 bytes) @ 0x0000000002927904 [0x00000000029274c0+0x444]
J 1769 C1 com.sun.xml.bind.v2.runtime.property.PropertyFactory.create(Lcom/sun/xml/bind/v2/runtime/JAXBContextImpl;Lcom/sun/xml/bind/v2/model/runtime/RuntimePropertyInfo;)Lcom/sun/xml/bind/v2/runtime/property/Property; (259 bytes) @ 0x0000000002a203ac [0x0000000002a1fac0+0x8ec]
J 2302 C1 com.sun.xml.bind.v2.runtime.ClassBeanInfoImpl.<init>(Lcom/sun/xml/bind/v2/runtime/JAXBContextImpl;Lcom/sun/xml/bind/v2/model/runtime/RuntimeClassInfo;)V (402 bytes) @ 0x0000000002b270a4 [0x0000000002b258a0+0x1804]
J 2090 C1 com.sun.xml.bind.v2.runtime.JAXBContextImpl.getOrCreate(Lcom/sun/xml/bind/v2/model/runtime/RuntimeClassInfo;)Lcom/sun/xml/bind/v2/runtime/ClassBeanInfoImpl; (47 bytes) @ 0x00000000027c76dc [0x00000000027c7420+0x2bc]
j  com.sun.xml.bind.v2.runtime.JAXBContextImpl.<init>(Lcom/sun/xml/bind/v2/runtime/JAXBContextImpl$JAXBContextBuilder;)V+662
j  com.sun.xml.bind.v2.runtime.JAXBContextImpl.<init>(Lcom/sun/xml/bind/v2/runtime/JAXBContextImpl$JAXBContextBuilder;Lcom/sun/xml/bind/v2/runtime/JAXBContextImpl$1;)V+2
j  com.sun.xml.bind.v2.runtime.JAXBContextImpl$JAXBContextBuilder.build()Lcom/sun/xml/bind/v2/runtime/JAXBContextImpl;+65
j  com.sun.xml.bind.v2.ContextFactory.createContext([Ljava/lang/Class;Ljava/util/Map;)Ljavax/xml/bind/JAXBContext;+496
j  sun.reflect.GeneratedMethodAccessor9.invoke(Ljava/lang/Object;[Ljava/lang/Object;)Ljava/lang/Object;+32
J 1530 C1 sun.reflect.DelegatingMethodAccessorImpl.invoke(Ljava/lang/Object;[Ljava/lang/Object;)Ljava/lang/Object; (10 bytes) @ 0x0000000002638704 [0x0000000002638600+0x104]
J 1529 C1 java.lang.reflect.Method.invoke(Ljava/lang/Object;[Ljava/lang/Object;)Ljava/lang/Object; (62 bytes) @ 0x00000000026091e4 [0x0000000002608e80+0x364]
j  javax.xml.bind.ContextFinder.newInstance([Ljava/lang/Class;Ljava/util/Map;Ljava/lang/Class;)Ljavax/xml/bind/JAXBContext;+50
j  javax.xml.bind.ContextFinder.newInstance([Ljava/lang/Class;Ljava/util/Map;Ljava/lang/String;)Ljavax/xml/bind/JAXBContext;+69
j  javax.xml.bind.ContextFinder.find([Ljava/lang/Class;Ljava/util/Map;)Ljavax/xml/bind/JAXBContext;+447
j  javax.xml.bind.JAXBContext.newInstance([Ljava/lang/Class;Ljava/util/Map;)Ljavax/xml/bind/JAXBContext;+43
j  javax.xml.bind.JAXBContext.newInstance([Ljava/lang/Class;)Ljavax/xml/bind/JAXBContext;+4
j  com.altera.sopcmodel.ipupgrade.OutdatedIpInquisitor.gobbleOutdatedIpXml(Ljava/io/File;)I+13
j  com.altera.sopcmodel.ipupgrade.OutdatedIpInfo.addOdipFile(Ljava/io/File;)V+34
j  com.altera.sopclibrary.conan.Conan.readOutdatedIpsFromGlobalFolder(Ljava/lang/String;)V+77
j  com.altera.sopcfactories.librarian.LibrarianUtils.createLibrarian(Lcom/altera/entityinterfaces/message/IMessageLogger;Ljava/lang/String;[Ljava/lang/String;)Lcom/altera/sopclibrary/conan/Conan;+500
j  com.altera.sopcmodel.sbtools.sbcatalog.SbCatalog.act()I+274
j  com.altera.utilities.AltCmdLineToolBase.runTheTool([Ljava/lang/String;)I+38
j  com.altera.sopcmodel.sbtools.sbcatalog.SbCatalog.main([Ljava/lang/String;)V+10
v  ~StubRoutines::call_stub

---------------  P R O C E S S  ---------------

Java Threads: ( => current thread )
  0x00000000126a1800 JavaThread "Service Thread" daemon [_thread_blocked, id=11308, stack(0x0000000012f30000,0x0000000013030000)]
  0x000000001263c800 JavaThread "C1 CompilerThread2" daemon [_thread_blocked, id=10984, stack(0x0000000012e30000,0x0000000012f30000)]
  0x0000000012632000 JavaThread "C2 CompilerThread1" daemon [_thread_in_native, id=5340, stack(0x0000000012d30000,0x0000000012e30000)]
  0x0000000012626000 JavaThread "C2 CompilerThread0" daemon [_thread_in_native, id=8652, stack(0x0000000012c30000,0x0000000012d30000)]
  0x0000000012624800 JavaThread "Attach Listener" daemon [_thread_blocked, id=8012, stack(0x0000000012b30000,0x0000000012c30000)]
  0x0000000012623800 JavaThread "Signal Dispatcher" daemon [_thread_blocked, id=1524, stack(0x0000000012a30000,0x0000000012b30000)]
  0x00000000125e7800 JavaThread "Finalizer" daemon [_thread_blocked, id=13784, stack(0x0000000012930000,0x0000000012a30000)]
  0x00000000125df000 JavaThread "Reference Handler" daemon [_thread_blocked, id=2284, stack(0x0000000012830000,0x0000000012930000)]
=>0x0000000002385800 JavaThread "main" [_thread_in_native_trans, id=12900, stack(0x0000000002280000,0x0000000002380000)]

Other Threads:
  0x00000000125d9000 VMThread [stack: 0x0000000012730000,0x0000000012830000] [id=3868]
  0x00000000126a4800 WatcherThread [stack: 0x0000000013030000,0x0000000013130000] [id=2600]

VM state:not at safepoint (normal execution)

VM Mutex/Monitor currently owned by a thread: None

Heap:
 def new generation   total 1152K, used 1073K [0x00000000a2400000, 0x00000000a2540000, 0x00000000c1800000)
  eden space 1024K,  92% used [0x00000000a2400000, 0x00000000a24ed408, 0x00000000a2500000)
  from space 128K,  97% used [0x00000000a2500000, 0x00000000a251f230, 0x00000000a2520000)
  to   space 128K,   0% used [0x00000000a2520000, 0x00000000a2520000, 0x00000000a2540000)
 tenured generation   total 523008K, used 18149K [0x00000000c1800000, 0x00000000e16c0000, 0x0000000100000000)
   the space 523008K,   3% used [0x00000000c1800000, 0x00000000c29b9488, 0x00000000c29b9600, 0x00000000e16c0000)
 Metaspace       used 12274K, capacity 12624K, committed 12800K, reserved 1060864K
  class space    used 1421K, capacity 1520K, committed 1536K, reserved 1048576K

Card table byte_map: [0x0000000011840000,0x0000000011b30000] byte_map_base: 0x000000001132e000

Polling page: 0x0000000000570000

CodeCache: size=245760Kb used=6980Kb max_used=7016Kb free=238779Kb
 bounds [0x0000000002480000, 0x0000000002b70000, 0x0000000011480000]
 total_blobs=2394 nmethods=2063 adapters=244
 compilation: enabled

Compilation events (10 events):
Event: 1.756 Thread 0x000000001263c800 2338       3       com.altera.jdbcsqlite.JDBCResultSet::next (39 bytes)
Event: 1.756 Thread 0x000000001263c800 nmethod 2338 0x00000000029b3950 code [0x00000000029b3ac0, 0x00000000029b3cd0]
Event: 1.758 Thread 0x000000001263c800 2342       2       java.util.AbstractList$Itr::<init> (31 bytes)
Event: 1.758 Thread 0x000000001263c800 nmethod 2342 0x00000000029b35d0 code [0x00000000029b3720, 0x00000000029b38b0]
Event: 1.758 Thread 0x000000001263c800 2343       3       java.lang.Class::copyFields (36 bytes)
Event: 1.759 Thread 0x000000001263c800 nmethod 2343 0x00000000029b2510 code [0x00000000029b2700, 0x00000000029b30d8]
Event: 1.759 Thread 0x000000001263c800 2344       3       java.util.AbstractCollection::retainAll (49 bytes)
Event: 1.759 Thread 0x000000001263c800 nmethod 2344 0x00000000029b1910 code [0x00000000029b1b00, 0x00000000029b2258]
Event: 1.760 Thread 0x000000001263c800 2345       3       com.sun.xml.bind.v2.model.impl.ClassInfoImpl::link (107 bytes)
Event: 1.761 Thread 0x000000001263c800 nmethod 2345 0x00000000029af550 code [0x00000000029af820, 0x00000000029b0e58]

GC Heap History (10 events):
Event: 1.654 GC heap before
{Heap before GC invocations=155 (full 0):
 def new generation   total 1152K, used 1136K [0x00000000a2400000, 0x00000000a2540000, 0x00000000c1800000)
  eden space 1024K, 100% used [0x00000000a2400000, 0x00000000a2500000, 0x00000000a2500000)
  from space 128K,  88% used [0x00000000a2520000, 0x00000000a253c2c8, 0x00000000a2540000)
  to   space 128K,   0% used [0x00000000a2500000, 0x00000000a2500000, 0x00000000a2520000)
 tenured generation   total 523008K, used 17822K [0x00000000c1800000, 0x00000000e16c0000, 0x0000000100000000)
   the space 523008K,   3% used [0x00000000c1800000, 0x00000000c2967968, 0x00000000c2967a00, 0x00000000e16c0000)
 Metaspace       used 11734K, capacity 12048K, committed 12288K, reserved 1060864K
  class space    used 1373K, capacity 1456K, committed 1536K, reserved 1048576K
Event: 1.655 GC heap after
Heap after GC invocations=156 (full 0):
 def new generation   total 1152K, used 126K [0x00000000a2400000, 0x00000000a2540000, 0x00000000c1800000)
  eden space 1024K,   0% used [0x00000000a2400000, 0x00000000a2400000, 0x00000000a2500000)
  from space 128K,  98% used [0x00000000a2500000, 0x00000000a251fae0, 0x00000000a2520000)
  to   space 128K,   0% used [0x00000000a2520000, 0x00000000a2520000, 0x00000000a2540000)
 tenured generation   total 523008K, used 17889K [0x00000000c1800000, 0x00000000e16c0000, 0x0000000100000000)
   the space 523008K,   3% used [0x00000000c1800000, 0x00000000c2978710, 0x00000000c2978800, 0x00000000e16c0000)
 Metaspace       used 11734K, capacity 12048K, committed 12288K, reserved 1060864K
  class space    used 1373K, capacity 1456K, committed 1536K, reserved 1048576K
}
Event: 1.659 GC heap before
{Heap before GC invocations=156 (full 0):
 def new generation   total 1152K, used 1150K [0x00000000a2400000, 0x00000000a2540000, 0x00000000c1800000)
  eden space 1024K, 100% used [0x00000000a2400000, 0x00000000a2500000, 0x00000000a2500000)
  from space 128K,  98% used [0x00000000a2500000, 0x00000000a251fae0, 0x00000000a2520000)
  to   space 128K,   0% used [0x00000000a2520000, 0x00000000a2520000, 0x00000000a2540000)
 tenured generation   total 523008K, used 17889K [0x00000000c1800000, 0x00000000e16c0000, 0x0000000100000000)
   the space 523008K,   3% used [0x00000000c1800000, 0x00000000c2978710, 0x00000000c2978800, 0x00000000e16c0000)
 Metaspace       used 11735K, capacity 12048K, committed 12288K, reserved 1060864K
  class space    used 1373K, capacity 1456K, committed 1536K, reserved 1048576K
Event: 1.660 GC heap after
Heap after GC invocations=157 (full 0):
 def new generation   total 1152K, used 65K [0x00000000a2400000, 0x00000000a2540000, 0x00000000c1800000)
  eden space 1024K,   0% used [0x00000000a2400000, 0x00000000a2400000, 0x00000000a2500000)
  from space 128K,  50% used [0x00000000a2520000, 0x00000000a2530518, 0x00000000a2540000)
  to   space 128K,   0% used [0x00000000a2500000, 0x00000000a2500000, 0x00000000a2520000)
 tenured generation   total 523008K, used 17972K [0x00000000c1800000, 0x00000000e16c0000, 0x0000000100000000)
   the space 523008K,   3% used [0x00000000c1800000, 0x00000000c298d350, 0x00000000c298d400, 0x00000000e16c0000)
 Metaspace       used 11735K, capacity 12048K, committed 12288K, reserved 1060864K
  class space    used 1373K, capacity 1456K, committed 1536K, reserved 1048576K
}
Event: 1.671 GC heap before
{Heap before GC invocations=157 (full 0):
 def new generation   total 1152K, used 1089K [0x00000000a2400000, 0x00000000a2540000, 0x00000000c1800000)
  eden space 1024K, 100% used [0x00000000a2400000, 0x00000000a2500000, 0x00000000a2500000)
  from space 128K,  50% used [0x00000000a2520000, 0x00000000a2530518, 0x00000000a2540000)
  to   space 128K,   0% used [0x00000000a2500000, 0x00000000a2500000, 0x00000000a2520000)
 tenured generation   total 523008K, used 17972K [0x00000000c1800000, 0x00000000e16c0000, 0x0000000100000000)
   the space 523008K,   3% used [0x00000000c1800000, 0x00000000c298d350, 0x00000000c298d400, 0x00000000e16c0000)
 Metaspace       used 11994K, capacity 12304K, committed 12544K, reserved 1060864K
  class space    used 1397K, capacity 1456K, committed 1536K, reserved 1048576K
Event: 1.672 GC heap after
Heap after GC invocations=158 (full 0):
 def new generation   total 1152K, used 128K [0x00000000a2400000, 0x00000000a2540000, 0x00000000c1800000)
  eden space 1024K,   0% used [0x00000000a2400000, 0x00000000a2400000, 0x00000000a2500000)
  from space 128K, 100% used [0x00000000a2500000, 0x00000000a2520000, 0x00000000a2520000)
  to   space 128K,   0% used [0x00000000a2520000, 0x00000000a2520000, 0x00000000a2540000)
 tenured generation   total 523008K, used 18046K [0x00000000c1800000, 0x00000000e16c0000, 0x0000000100000000)
   the space 523008K,   3% used [0x00000000c1800000, 0x00000000c299f9a0, 0x00000000c299fa00, 0x00000000e16c0000)
 Metaspace       used 11994K, capacity 12304K, committed 12544K, reserved 1060864K
  class space    used 1397K, capacity 1456K, committed 1536K, reserved 1048576K
}
Event: 1.747 GC heap before
{Heap before GC invocations=158 (full 0):
 def new generation   total 1152K, used 1152K [0x00000000a2400000, 0x00000000a2540000, 0x00000000c1800000)
  eden space 1024K, 100% used [0x00000000a2400000, 0x00000000a2500000, 0x00000000a2500000)
  from space 128K, 100% used [0x00000000a2500000, 0x00000000a2520000, 0x00000000a2520000)
  to   space 128K,   0% used [0x00000000a2520000, 0x00000000a2520000, 0x00000000a2540000)
 tenured generation   total 523008K, used 18046K [0x00000000c1800000, 0x00000000e16c0000, 0x0000000100000000)
   the space 523008K,   3% used [0x00000000c1800000, 0x00000000c299f9a0, 0x00000000c299fa00, 0x00000000e16c0000)
 Metaspace       used 12246K, capacity 12624K, committed 12800K, reserved 1060864K
  class space    used 1418K, capacity 1520K, committed 1536K, reserved 1048576K
Event: 1.748 GC heap after
Heap after GC invocations=159 (full 0):
 def new generation   total 1152K, used 118K [0x00000000a2400000, 0x00000000a2540000, 0x00000000c1800000)
  eden space 1024K,   0% used [0x00000000a2400000, 0x00000000a2400000, 0x00000000a2500000)
  from space 128K,  92% used [0x00000000a2520000, 0x00000000a253d838, 0x00000000a2540000)
  to   space 128K,   0% used [0x00000000a2500000, 0x00000000a2500000, 0x00000000a2520000)
 tenured generation   total 523008K, used 18122K [0x00000000c1800000, 0x00000000e16c0000, 0x0000000100000000)
   the space 523008K,   3% used [0x00000000c1800000, 0x00000000c29b2a28, 0x00000000c29b2c00, 0x00000000e16c0000)
 Metaspace       used 12246K, capacity 12624K, committed 12800K, reserved 1060864K
  class space    used 1418K, capacity 1520K, committed 1536K, reserved 1048576K
}
Event: 1.757 GC heap before
{Heap before GC invocations=159 (full 0):
 def new generation   total 1152K, used 1142K [0x00000000a2400000, 0x00000000a2540000, 0x00000000c1800000)
  eden space 1024K, 100% used [0x00000000a2400000, 0x00000000a2500000, 0x00000000a2500000)
  from space 128K,  92% used [0x00000000a2520000, 0x00000000a253d838, 0x00000000a2540000)
  to   space 128K,   0% used [0x00000000a2500000, 0x00000000a2500000, 0x00000000a2520000)
 tenured generation   total 523008K, used 18122K [0x00000000c1800000, 0x00000000e16c0000, 0x0000000100000000)
   the space 523008K,   3% used [0x00000000c1800000, 0x00000000c29b2a28, 0x00000000c29b2c00, 0x00000000e16c0000)
 Metaspace       used 12272K, capacity 12624K, committed 12800K, reserved 1060864K
  class space    used 1421K, capacity 1520K, committed 1536K, reserved 1048576K
Event: 1.758 GC heap after
Heap after GC invocations=160 (full 0):
 def new generation   total 1152K, used 124K [0x00000000a2400000, 0x00000000a2540000, 0x00000000c1800000)
  eden space 1024K,   0% used [0x00000000a2400000, 0x00000000a2400000, 0x00000000a2500000)
  from space 128K,  97% used [0x00000000a2500000, 0x00000000a251f230, 0x00000000a2520000)
  to   space 128K,   0% used [0x00000000a2520000, 0x00000000a2520000, 0x00000000a2540000)
 tenured generation   total 523008K, used 18149K [0x00000000c1800000, 0x00000000e16c0000, 0x0000000100000000)
   the space 523008K,   3% used [0x00000000c1800000, 0x00000000c29b9488, 0x00000000c29b9600, 0x00000000e16c0000)
 Metaspace       used 12272K, capacity 12624K, committed 12800K, reserved 1060864K
  class space    used 1421K, capacity 1520K, committed 1536K, reserved 1048576K
}

Deoptimization events (10 events):
Event: 1.199 Thread 0x0000000002385800 Uncommon trap: reason=class_check action=maybe_recompile pc=0x00000000029b453c method=com.sun.org.apache.xerces.internal.impl.XMLNSDocumentScannerImpl.scanStartElement()Z @ 1005
Event: 1.199 Thread 0x0000000002385800 Uncommon trap: reason=class_check action=maybe_recompile pc=0x00000000029b453c method=com.sun.org.apache.xerces.internal.impl.XMLNSDocumentScannerImpl.scanStartElement()Z @ 1005
Event: 1.675 Thread 0x0000000002385800 Uncommon trap: reason=class_check action=maybe_recompile pc=0x000000000275ee3c method=java.util.regex.Pattern$CharProperty$1.isSatisfiedBy(I)Z @ 5
Event: 1.675 Thread 0x0000000002385800 Uncommon trap: reason=class_check action=maybe_recompile pc=0x000000000275ee3c method=java.util.regex.Pattern$CharProperty$1.isSatisfiedBy(I)Z @ 5
Event: 1.675 Thread 0x0000000002385800 Uncommon trap: reason=class_check action=maybe_recompile pc=0x000000000275ee3c method=java.util.regex.Pattern$CharProperty$1.isSatisfiedBy(I)Z @ 5
Event: 1.754 Thread 0x0000000002385800 Uncommon trap: reason=class_check action=maybe_recompile pc=0x0000000002a417ec method=java.util.HashMap.putVal(ILjava/lang/Object;Ljava/lang/Object;ZZ)Ljava/lang/Object; @ 203
Event: 1.754 Thread 0x0000000002385800 Uncommon trap: reason=class_check action=maybe_recompile pc=0x0000000002a417ec method=java.util.HashMap.putVal(ILjava/lang/Object;Ljava/lang/Object;ZZ)Ljava/lang/Object; @ 203
Event: 1.754 Thread 0x0000000002385800 Uncommon trap: reason=class_check action=maybe_recompile pc=0x0000000002a417ec method=java.util.HashMap.putVal(ILjava/lang/Object;Ljava/lang/Object;ZZ)Ljava/lang/Object; @ 203
Event: 1.754 Thread 0x0000000002385800 Uncommon trap: reason=class_check action=maybe_recompile pc=0x0000000002a417ec method=java.util.HashMap.putVal(ILjava/lang/Object;Ljava/lang/Object;ZZ)Ljava/lang/Object; @ 203
Event: 1.754 Thread 0x0000000002385800 Uncommon trap: reason=class_check action=maybe_recompile pc=0x0000000002a30ecc method=java.util.HashMap.putVal(ILjava/lang/Object;Ljava/lang/Object;ZZ)Ljava/lang/Object; @ 203

Internal exceptions (10 events):
Event: 1.751 Thread 0x0000000002385800 Exception <a 'java/security/PrivilegedActionException'> (0x00000000a24823e0) thrown at [D:\re\workspace\8-2-build-windows-amd64-cygwin\jdk8u5\2488\hotspot\src\share\vm\prims\jvm.cpp, line 1248]
Event: 1.752 Thread 0x0000000002385800 Exception <a 'java/security/PrivilegedActionException'> (0x00000000a2486990) thrown at [D:\re\workspace\8-2-build-windows-amd64-cygwin\jdk8u5\2488\hotspot\src\share\vm\prims\jvm.cpp, line 1248]
Event: 1.752 Thread 0x0000000002385800 Exception <a 'java/security/PrivilegedActionException'> (0x00000000a2492fe8) thrown at [D:\re\workspace\8-2-build-windows-amd64-cygwin\jdk8u5\2488\hotspot\src\share\vm\prims\jvm.cpp, line 1248]
Event: 1.756 Thread 0x0000000002385800 Exception <a 'java/lang/ClassNotFoundException': com/sun/org/glassfish/hk2/osgiresourcelocator/ServiceLoader> (0x00000000a24e4140) thrown at [D:\re\workspace\8-2-build-windows-amd64-cygwin\jdk8u5\2488\hotspot\src\share\vm\classfile\systemDictionary.cpp, liÊžnc$ü?
Event: 1.759 Thread 0x0000000002385800 Exception <a 'java/security/PrivilegedActionException'> (0x00000000a2423410) thrown at [D:\re\workspace\8-2-build-windows-amd64-cygwin\jdk8u5\2488\hotspot\src\share\vm\prims\jvm.cpp, line 1248]
Event: 1.759 Thread 0x0000000002385800 Exception <a 'java/security/PrivilegedActionException'> (0x00000000a242c918) thrown at [D:\re\workspace\8-2-build-windows-amd64-cygwin\jdk8u5\2488\hotspot\src\share\vm\prims\jvm.cpp, line 1248]
Event: 1.760 Thread 0x0000000002385800 Exception <a 'java/security/PrivilegedActionException'> (0x00000000a243bfd8) thrown at [D:\re\workspace\8-2-build-windows-amd64-cygwin\jdk8u5\2488\hotspot\src\share\vm\prims\jvm.cpp, line 1248]
Event: 1.760 Thread 0x0000000002385800 Exception <a 'java/security/PrivilegedActionException'> (0x00000000a2445578) thrown at [D:\re\workspace\8-2-build-windows-amd64-cygwin\jdk8u5\2488\hotspot\src\share\vm\prims\jvm.cpp, line 1248]
Event: 1.760 Thread 0x0000000002385800 Exception <a 'java/security/PrivilegedActionException'> (0x00000000a244e298) thrown at [D:\re\workspace\8-2-build-windows-amd64-cygwin\jdk8u5\2488\hotspot\src\share\vm\prims\jvm.cpp, line 1248]
Event: 1.760 Thread 0x0000000002385800 Exception <a 'java/security/PrivilegedActionException'> (0x00000000a2457810) thrown at [D:\re\workspace\8-2-build-windows-amd64-cygwin\jdk8u5\2488\hotspot\src\share\vm\prims\jvm.cpp, line 1248]

Events (10 events):
Event: 1.756 loading class com/sun/org/glassfish/hk2/osgiresourcelocator/ServiceLoader
Event: 1.756 loading class com/sun/org/glassfish/hk2/osgiresourcelocator/ServiceLoader done
Event: 1.757 Executing VM operation: GenCollectForAllocation
Event: 1.758 Executing VM operation: GenCollectForAllocation done
Event: 1.759 loading class java/lang/ObjectFactory
Event: 1.759 loading class java/lang/ObjectFactory done
Event: 1.760 loading class java/lang/ObjectFactory
Event: 1.760 loading class java/lang/ObjectFactory done
Event: 1.760 loading class java/lang/ObjectFactory
Event: 1.760 loading class java/lang/ObjectFactory done


Dynamic libraries:
0x00007ff62ba50000 - 0x00007ff62ba84000 	S:\altera\quartus\bin64\jre64\bin\java.exe
0x00007ff91b9d0000 - 0x00007ff91bba1000 	C:\WINDOWS\SYSTEM32\ntdll.dll
0x00007ff91b3e0000 - 0x00007ff91b48b000 	C:\WINDOWS\System32\KERNEL32.DLL
0x00007ff918c30000 - 0x00007ff918e4d000 	C:\WINDOWS\System32\KERNELBASE.dll
0x00007ff91b050000 - 0x00007ff91b0f2000 	C:\WINDOWS\System32\ADVAPI32.dll
0x00007ff91b330000 - 0x00007ff91b3ce000 	C:\WINDOWS\System32\msvcrt.dll
0x00007ff919470000 - 0x00007ff9194c9000 	C:\WINDOWS\System32\sechost.dll
0x00007ff919700000 - 0x00007ff919821000 	C:\WINDOWS\System32\RPCRT4.dll
0x00007ff9194d0000 - 0x00007ff919635000 	C:\WINDOWS\System32\USER32.dll
0x00007ff918090000 - 0x00007ff9180ae000 	C:\WINDOWS\System32\win32u.dll
0x00007ff919000000 - 0x00007ff919034000 	C:\WINDOWS\System32\GDI32.dll
0x00007ff918aa0000 - 0x00007ff918c22000 	C:\WINDOWS\System32\gdi32full.dll
0x00007ff90e690000 - 0x00007ff90e90a000 	C:\WINDOWS\WinSxS\amd64_microsoft.windows.common-controls_6595b64144ccf1df_6.0.14393.953_none_42151e83c686086b\COMCTL32.dll
0x00007ff91b610000 - 0x00007ff91b8d8000 	C:\WINDOWS\System32\combase.dll
0x00007ff9189a0000 - 0x00007ff918a95000 	C:\WINDOWS\System32\ucrtbase.dll
0x00007ff918840000 - 0x00007ff9188aa000 	C:\WINDOWS\System32\bcryptPrimitives.dll
0x00007ff91b940000 - 0x00007ff91b96e000 	C:\WINDOWS\System32\IMM32.DLL
0x000000005b750000 - 0x000000005b822000 	S:\altera\quartus\bin64\jre64\bin\msvcr100.dll
0x000000005af20000 - 0x000000005b74a000 	S:\altera\quartus\bin64\jre64\bin\server\jvm.dll
0x00007ff91b3d0000 - 0x00007ff91b3d8000 	C:\WINDOWS\System32\PSAPI.DLL
0x00007ff915e30000 - 0x00007ff915e53000 	C:\WINDOWS\SYSTEM32\WINMM.dll
0x00007ff8fb150000 - 0x00007ff8fb159000 	C:\WINDOWS\SYSTEM32\WSOCK32.dll
0x00000000021a0000 - 0x00000000021cb000 	C:\WINDOWS\SYSTEM32\WINMMBASE.dll
0x00007ff91b2c0000 - 0x00007ff91b32a000 	C:\WINDOWS\System32\WS2_32.dll
0x00007ff918950000 - 0x00007ff918992000 	C:\WINDOWS\System32\cfgmgr32.dll
0x000000005dbd0000 - 0x000000005dbdf000 	S:\altera\quartus\bin64\jre64\bin\verify.dll
0x000000005aef0000 - 0x000000005af18000 	S:\altera\quartus\bin64\jre64\bin\java.dll
0x000000005aed0000 - 0x000000005aee6000 	S:\altera\quartus\bin64\jre64\bin\zip.dll
0x00007ff919830000 - 0x00007ff91ad39000 	C:\WINDOWS\System32\SHELL32.dll
0x00007ff9180b0000 - 0x00007ff91878a000 	C:\WINDOWS\System32\windows.storage.dll
0x00007ff917e50000 - 0x00007ff917e9c000 	C:\WINDOWS\System32\powrprof.dll
0x00007ff91b8e0000 - 0x00007ff91b932000 	C:\WINDOWS\System32\shlwapi.dll
0x00007ff917ea0000 - 0x00007ff917eaf000 	C:\WINDOWS\System32\kernel.appcore.dll
0x00007ff918e50000 - 0x00007ff918ef9000 	C:\WINDOWS\System32\shcore.dll
0x00007ff917e30000 - 0x00007ff917e44000 	C:\WINDOWS\System32\profapi.dll
0x00007ff8ea920000 - 0x00007ff8ea926000 	S:\altera\quartus\bin64\sld_utiljni.dll
0x00007ff8f1a90000 - 0x00007ff8f1b7f000 	S:\altera\quartus\bin64\MSVCR120.dll
0x000000005bac0000 - 0x000000005bc47000 	S:\altera\quartus\bin64\tcl86.dll
0x00007ff90acb0000 - 0x00007ff90acc8000 	C:\WINDOWS\SYSTEM32\NETAPI32.dll
0x00007ff9175d0000 - 0x00007ff9175dd000 	C:\WINDOWS\SYSTEM32\NETUTILS.DLL
0x00007ff911a80000 - 0x00007ff911a99000 	C:\WINDOWS\SYSTEM32\SAMCLI.DLL
0x00007ff912730000 - 0x00007ff91276e000 	C:\WINDOWS\SYSTEM32\LOGONCLI.DLL
0x00007ff8f7410000 - 0x00007ff8f74d0000 	S:\altera\quartus\bin64\ccl_sqlite3.dll
0x00007ff8e8c40000 - 0x00007ff8e8c50000 	S:\altera\quartus\bin64\ccl_sqlite3_jdbc_jni_bridge.dll
0x00007ff8eab50000 - 0x00007ff8eacd8000 	S:\altera\quartus\bin64\dbghelp.dll

VM Arguments:
jvm_args: -Xmx1500M -XX:+UseSerialGC 
java_command: com.altera.sopcmodel.sbtools.sbcatalog.SbCatalog --xml --project-directory= --search-path=$,C:\Users\William\Documents\ECE385\Lab9,C:\Users\William\Documents\ECE385\Lab9
java_class_path (initial): S:/altera/quartus/sopc_builder/model/lib\Nlview.jar;S:/altera/quartus/sopc_builder/model/lib\QuickServer.jar;S:/altera/quartus/sopc_builder/model/lib\TableLayout.jar;S:/altera/quartus/sopc_builder/model/lib\appframework-1.03.jar;S:/altera/quartus/sopc_builder/model/lib\asm-3.1.jar;S:/altera/quartus/sopc_builder/model/lib\asm-commons-3.1.jar;S:/altera/quartus/sopc_builder/model/lib\basicmodel.jar;S:/altera/quartus/sopc_builder/model/lib\beansbinding-1.2.1.jar;S:/altera/quartus/sopc_builder/model/lib\binding-2.0.6.jar;S:/altera/quartus/sopc_builder/model/lib\com.altera.componenteditor2.jar;S:/altera/quartus/sopc_builder/model/lib\com.altera.embeddedsw.app_lib.jar;S:/altera/quartus/sopc_builder/model/lib\com.altera.embeddedsw.bsp.editor.jar;S:/altera/quartus/sopc_builder/model/lib\com.altera.embeddedsw.bsp.elements.jar;S:/altera/quartus/sopc_builder/model/lib\com.altera.embeddedsw.bsp.jar;S:/altera/quartus/sopc_builder/model/lib\com.altera.embeddedsw.bsp.plugin.core.jar;S:/altera/quartus/sopc_builder/model/lib\com.altera.embeddedsw.bsp.plugin.hal.jar;S:/altera/quartus/sopc_builder/model/lib\com.altera.embeddedsw.bsp.plugin.lwhal.jar;S:/altera/quartus/sopc_builder/model/lib\com.altera.embeddedsw.bsp.schema.jar;S:/altera/quartus/sopc_builder/model/lib\com.altera.embeddedsw.bsp.scripting.jar;S:/altera/quartus/sopc_builder/model/lib\com.altera.embeddedsw.commandline.jar;S:/altera/quartus/sopc_builder/model/lib\com.altera.embeddedsw.cpexample.jar;S:/altera/quartus/sopc_builder/model/lib\com.altera.embeddedsw.flash.jar;S:/altera/quartus/sopc_builder/model/lib\com.altera.embeddedsw.launch.jar;S:/altera/quartus/sopc_builder/model/lib\com.altera.embeddedsw.swinfo.jar;S:/altera/quartus/sopc_builder/model/lib\com.altera.embeddedsw.utilities.jar;S:/altera/quartus/sopc_builder/model/lib\com.altera.entityinterfaces.jar;S:/altera/quartus/sopc_builder/model/lib\com.altera.genman.jar;S:/altera/quartus/sopc_builder/model/lib\com.altera.hdlcomponent.jar;S:/al
Launcher Type: SUN_STANDARD

Environment Variables:
PATH=S:/altera/quartus/bin64;s:\altera\quartus\bin64\;s:\altera\quartus\bin64\;C:\Users\William\gcc\bin;C:\Users\William\gcc\libexec\gcc\x86_64-pc-mingw32\5.1.0;C:\Program Files (x86)\Intel\iCLS Client\;C:\Program Files\Intel\iCLS Client\;C:\ProgramData\Oracle\Java\javapath;C:\WINDOWS\system32;C:\WINDOWS;C:\WINDOWS\System32\Wbem;C:\WINDOWS\System32\WindowsPowerShell\v1.0\;C:\Program Files (x86)\AMD\ATI.ACE\Core-Static;C:\Program Files\Intel\Intel(R) Management Engine Components\DAL;C:\Program Files\Intel\Intel(R) Management Engine Components\IPT;C:\Program Files (x86)\Intel\Intel(R) Management Engine Components\DAL;C:\Program Files (x86)\Intel\Intel(R) Management Engine Components\IPT;C:\Program Files (x86)\ATI Technologies\ATI.ACE\Core-Static;C:\Program Files\Java\jdk1.8.0_60\bin;C:\Program Files\Java\jre1.8.0_60\bin;C:\Program Files (x86)\QuickTime\QTSystem\;C:\Program Files\MiKTeX 2.9\miktex\bin\x64\;S:\MATLAB\runtime\win64;S:\MATLAB\bin;C:\WINDOWS\system32;C:\WINDOWS;C:\WINDOWS\System32\Wbem;C:\WINDOWS\System32\WindowsPowerShell\v1.0\;C:\Program Files\nodejs\;C:\Program Files (x86)\xLights;C:\Program Files (x86)\Subversion\bin;C:\Program Files (x86)\Skype\Phone\;C:\Users\William\AppData\Local\Microsoft\WindowsApps;C:\Users\William\AppData\Roaming\npm;S:\altera\modelsim_ase\win32aloem
USERNAME=William
OS=Windows_NT
PROCESSOR_IDENTIFIER=Intel64 Family 6 Model 58 Stepping 9, GenuineIntel



---------------  S Y S T E M  ---------------

OS: Windows 8.1 , 64 bit Build 9600 

CPU:total 4 (4 cores per cpu, 1 threads per core) family 6 model 58 stepping 9, cmov, cx8, fxsr, mmx, sse, sse2, sse3, ssse3, sse4.1, sse4.2, popcnt, avx, aes, clmul, erms, tsc, tscinvbit

Memory: 4k page, physical 33429252k(27118072k free), swap 33429252k(25715416k free)

vm_info: Java HotSpot(TM) 64-Bit Server VM (25.5-b02) for windows-amd64 JRE (1.8.0_05-b13), built on Mar 18 2014 01:08:39 by "java_re" with MS VC++ 10.0 (VS2010)

time: Sat Mar 25 22:01:14 2017
elapsed time: 1 seconds

